<?xml version="1.0" encoding="UTF-8"?>
<!-- Generated by org.testng.reporters.JUnitXMLReporter -->
<testsuite ignored="0" hostname="arjuna" failures="0" tests="4" name="Default test" time="34.021" errors="0" timestamp="2024-04-30T11:03:04 IST">
  <testcase classname="testpkg.SauceTest" name="logintest" time="0.459"/>
  <testcase classname="testpkg.SauceTest" name="hoverclick" time="3.649"/>
  <testcase classname="testpkg.SauceTest" name="details" time="3.641"/>
  <testcase classname="testpkg.SauceTest" name="last" time="3.166"/>
</testsuite> <!-- Default test -->
