<?xml version="1.0" encoding="UTF-8"?>
<testng-results ignored="0" total="4" passed="4" failed="0" skipped="0">
  <reporter-output>
  </reporter-output>
  <suite started-at="2024-04-30T11:02:30 IST" name="Default suite" finished-at="2024-04-30T11:03:04 IST" duration-ms="34021">
    <groups>
    </groups>
    <test started-at="2024-04-30T11:02:30 IST" name="Default test" finished-at="2024-04-30T11:03:04 IST" duration-ms="34021">
      <class name="testpkg.SauceTest">
        <test-method is-config="true" signature="setup()[pri:0, instance:testpkg.SauceTest@3646a422]" started-at="2024-04-30T11:02:30 IST" name="setup" finished-at="2024-04-30T11:02:53 IST" duration-ms="23025" status="PASS">
          <reporter-output>
          </reporter-output>
        </test-method> <!-- setup -->
        <test-method signature="logintest()[pri:0, instance:testpkg.SauceTest@3646a422]" started-at="2024-04-30T11:02:53 IST" name="logintest" finished-at="2024-04-30T11:02:54 IST" duration-ms="459" status="PASS">
          <reporter-output>
          </reporter-output>
        </test-method> <!-- logintest -->
        <test-method signature="hoverclick()[pri:2, instance:testpkg.SauceTest@3646a422]" started-at="2024-04-30T11:02:54 IST" name="hoverclick" finished-at="2024-04-30T11:02:57 IST" duration-ms="3649" status="PASS">
          <reporter-output>
          </reporter-output>
        </test-method> <!-- hoverclick -->
        <test-method signature="details()[pri:3, instance:testpkg.SauceTest@3646a422]" started-at="2024-04-30T11:02:57 IST" name="details" finished-at="2024-04-30T11:03:01 IST" duration-ms="3641" status="PASS">
          <reporter-output>
          </reporter-output>
        </test-method> <!-- details -->
        <test-method signature="last()[pri:4, instance:testpkg.SauceTest@3646a422]" started-at="2024-04-30T11:03:01 IST" name="last" finished-at="2024-04-30T11:03:04 IST" duration-ms="3166" status="PASS">
          <reporter-output>
          </reporter-output>
        </test-method> <!-- last -->
      </class> <!-- testpkg.SauceTest -->
    </test> <!-- Default test -->
  </suite> <!-- Default suite -->
</testng-results>
